mode: set
github.com/dabilaCo/backpack-bcgow6-daniel-abila/GOTesting/Clase-3-TM/Practica/internal/products/repository.go:32.47,36.2 1 1
github.com/dabilaCo/backpack-bcgow6-daniel-abila/GOTesting/Clase-3-TM/Practica/internal/products/repository.go:38.62,40.16 2 1
github.com/dabilaCo/backpack-bcgow6-daniel-abila/GOTesting/Clase-3-TM/Practica/internal/products/repository.go:43.2,43.21 1 1
github.com/dabilaCo/backpack-bcgow6-daniel-abila/GOTesting/Clase-3-TM/Practica/internal/products/repository.go:40.16,42.3 1 0
github.com/dabilaCo/backpack-bcgow6-daniel-abila/GOTesting/Clase-3-TM/Practica/internal/products/repository.go:45.106,50.16 3 0
github.com/dabilaCo/backpack-bcgow6-daniel-abila/GOTesting/Clase-3-TM/Practica/internal/products/repository.go:54.2,57.49 3 0
github.com/dabilaCo/backpack-bcgow6-daniel-abila/GOTesting/Clase-3-TM/Practica/internal/products/repository.go:60.2,60.17 1 0
github.com/dabilaCo/backpack-bcgow6-daniel-abila/GOTesting/Clase-3-TM/Practica/internal/products/repository.go:50.16,52.3 1 0
github.com/dabilaCo/backpack-bcgow6-daniel-abila/GOTesting/Clase-3-TM/Practica/internal/products/repository.go:57.49,59.3 1 0
github.com/dabilaCo/backpack-bcgow6-daniel-abila/GOTesting/Clase-3-TM/Practica/internal/products/repository.go:62.44,65.16 3 0
github.com/dabilaCo/backpack-bcgow6-daniel-abila/GOTesting/Clase-3-TM/Practica/internal/products/repository.go:68.2,68.28 1 0
github.com/dabilaCo/backpack-bcgow6-daniel-abila/GOTesting/Clase-3-TM/Practica/internal/products/repository.go:71.2,71.50 1 0
github.com/dabilaCo/backpack-bcgow6-daniel-abila/GOTesting/Clase-3-TM/Practica/internal/products/repository.go:65.16,67.3 1 0
github.com/dabilaCo/backpack-bcgow6-daniel-abila/GOTesting/Clase-3-TM/Practica/internal/products/repository.go:68.28,70.3 1 0
github.com/dabilaCo/backpack-bcgow6-daniel-abila/GOTesting/Clase-3-TM/Practica/internal/products/repository.go:73.107,77.39 4 1
github.com/dabilaCo/backpack-bcgow6-daniel-abila/GOTesting/Clase-3-TM/Practica/internal/products/repository.go:80.2,80.20 1 1
github.com/dabilaCo/backpack-bcgow6-daniel-abila/GOTesting/Clase-3-TM/Practica/internal/products/repository.go:87.2,87.14 1 1
github.com/dabilaCo/backpack-bcgow6-daniel-abila/GOTesting/Clase-3-TM/Practica/internal/products/repository.go:90.2,90.17 1 1
github.com/dabilaCo/backpack-bcgow6-daniel-abila/GOTesting/Clase-3-TM/Practica/internal/products/repository.go:77.39,79.3 1 0
github.com/dabilaCo/backpack-bcgow6-daniel-abila/GOTesting/Clase-3-TM/Practica/internal/products/repository.go:80.20,81.21 1 1
github.com/dabilaCo/backpack-bcgow6-daniel-abila/GOTesting/Clase-3-TM/Practica/internal/products/repository.go:81.21,85.4 3 1
github.com/dabilaCo/backpack-bcgow6-daniel-abila/GOTesting/Clase-3-TM/Practica/internal/products/repository.go:87.14,89.3 1 0
github.com/dabilaCo/backpack-bcgow6-daniel-abila/GOTesting/Clase-3-TM/Practica/internal/products/repository.go:92.43,96.39 4 1
github.com/dabilaCo/backpack-bcgow6-daniel-abila/GOTesting/Clase-3-TM/Practica/internal/products/repository.go:99.2,99.20 1 1
github.com/dabilaCo/backpack-bcgow6-daniel-abila/GOTesting/Clase-3-TM/Practica/internal/products/repository.go:105.2,105.14 1 1
github.com/dabilaCo/backpack-bcgow6-daniel-abila/GOTesting/Clase-3-TM/Practica/internal/products/repository.go:108.2,109.27 2 1
github.com/dabilaCo/backpack-bcgow6-daniel-abila/GOTesting/Clase-3-TM/Practica/internal/products/repository.go:112.2,112.12 1 1
github.com/dabilaCo/backpack-bcgow6-daniel-abila/GOTesting/Clase-3-TM/Practica/internal/products/repository.go:96.39,98.3 1 0
github.com/dabilaCo/backpack-bcgow6-daniel-abila/GOTesting/Clase-3-TM/Practica/internal/products/repository.go:99.20,100.21 1 1
github.com/dabilaCo/backpack-bcgow6-daniel-abila/GOTesting/Clase-3-TM/Practica/internal/products/repository.go:100.21,103.4 2 1
github.com/dabilaCo/backpack-bcgow6-daniel-abila/GOTesting/Clase-3-TM/Practica/internal/products/repository.go:105.14,107.3 1 1
github.com/dabilaCo/backpack-bcgow6-daniel-abila/GOTesting/Clase-3-TM/Practica/internal/products/repository.go:109.27,111.3 1 0
github.com/dabilaCo/backpack-bcgow6-daniel-abila/GOTesting/Clase-3-TM/Practica/internal/products/repository.go:114.105,118.16 3 1
github.com/dabilaCo/backpack-bcgow6-daniel-abila/GOTesting/Clase-3-TM/Practica/internal/products/repository.go:123.2,124.33 2 1
github.com/dabilaCo/backpack-bcgow6-daniel-abila/GOTesting/Clase-3-TM/Practica/internal/products/repository.go:134.2,134.14 1 1
github.com/dabilaCo/backpack-bcgow6-daniel-abila/GOTesting/Clase-3-TM/Practica/internal/products/repository.go:139.2,140.16 2 1
github.com/dabilaCo/backpack-bcgow6-daniel-abila/GOTesting/Clase-3-TM/Practica/internal/products/repository.go:144.2,144.8 1 1
github.com/dabilaCo/backpack-bcgow6-daniel-abila/GOTesting/Clase-3-TM/Practica/internal/products/repository.go:118.16,120.3 1 0
github.com/dabilaCo/backpack-bcgow6-daniel-abila/GOTesting/Clase-3-TM/Practica/internal/products/repository.go:124.33,125.34 1 1
github.com/dabilaCo/backpack-bcgow6-daniel-abila/GOTesting/Clase-3-TM/Practica/internal/products/repository.go:125.34,130.9 5 1
github.com/dabilaCo/backpack-bcgow6-daniel-abila/GOTesting/Clase-3-TM/Practica/internal/products/repository.go:134.14,137.3 2 0
github.com/dabilaCo/backpack-bcgow6-daniel-abila/GOTesting/Clase-3-TM/Practica/internal/products/repository.go:140.16,143.3 2 0
github.com/dabilaCo/backpack-bcgow6-daniel-abila/GOTesting/Clase-3-TM/Practica/internal/products/service.go:15.39,19.2 1 1
github.com/dabilaCo/backpack-bcgow6-daniel-abila/GOTesting/Clase-3-TM/Practica/internal/products/service.go:21.47,23.16 2 0
github.com/dabilaCo/backpack-bcgow6-daniel-abila/GOTesting/Clase-3-TM/Practica/internal/products/service.go:26.2,26.17 1 0
github.com/dabilaCo/backpack-bcgow6-daniel-abila/GOTesting/Clase-3-TM/Practica/internal/products/service.go:23.16,25.3 1 0
github.com/dabilaCo/backpack-bcgow6-daniel-abila/GOTesting/Clase-3-TM/Practica/internal/products/service.go:29.95,31.16 2 0
github.com/dabilaCo/backpack-bcgow6-daniel-abila/GOTesting/Clase-3-TM/Practica/internal/products/service.go:34.2,37.16 3 0
github.com/dabilaCo/backpack-bcgow6-daniel-abila/GOTesting/Clase-3-TM/Practica/internal/products/service.go:40.2,40.17 1 0
github.com/dabilaCo/backpack-bcgow6-daniel-abila/GOTesting/Clase-3-TM/Practica/internal/products/service.go:31.16,33.3 1 0
github.com/dabilaCo/backpack-bcgow6-daniel-abila/GOTesting/Clase-3-TM/Practica/internal/products/service.go:37.16,39.3 1 0
github.com/dabilaCo/backpack-bcgow6-daniel-abila/GOTesting/Clase-3-TM/Practica/internal/products/service.go:43.104,45.2 1 1
github.com/dabilaCo/backpack-bcgow6-daniel-abila/GOTesting/Clase-3-TM/Practica/internal/products/service.go:47.40,49.2 1 1
github.com/dabilaCo/backpack-bcgow6-daniel-abila/GOTesting/Clase-3-TM/Practica/internal/products/service.go:51.91,53.2 1 0
